<?xml version="1.0" encoding="UTF-8"?>
<!-- Generated by org.testng.reporters.JUnitReportReporter -->
<testsuite skipped="0" hostname="GN2LADTPG02A9XX" name="com.igt.runner.TestRunner" tests="2" failures="0" timestamp="28 Oct 2022 09:20:55 GMT" time="61.913" errors="0">
  <testcase name="runScenario" time="21.466" classname="com.igt.runner.TestRunner"/>
  <testcase name="runScenario" time="40.447" classname="com.igt.runner.TestRunner"/>
</testsuite> <!-- com.igt.runner.TestRunner -->
